[  430834ms] [INFO] %cDownload the React DevTools for a better development experience: https://reactjs.org/link/react-devtools font-weight:bold @ https://unpkg.com/react-dom@18.3.1/umd/react-dom.development.js:29904
[  430960ms] [WARNING] You are using the in-browser Babel transformer. Be sure to precompile your scripts for production - https://babeljs.io/docs/setup/ @ https://unpkg.com/@babel/standalone@7.29.0/babel.min.js:2
[  438482ms] [INFO] %cDownload the React DevTools for a better development experience: https://reactjs.org/link/react-devtools font-weight:bold @ https://unpkg.com/react-dom@18.3.1/umd/react-dom.development.js:29904
[  438568ms] [WARNING] You are using the in-browser Babel transformer. Be sure to precompile your scripts for production - https://babeljs.io/docs/setup/ @ https://unpkg.com/@babel/standalone@7.29.0/babel.min.js:2
[  467228ms] [INFO] %cDownload the React DevTools for a better development experience: https://reactjs.org/link/react-devtools font-weight:bold @ https://unpkg.com/react-dom@18.3.1/umd/react-dom.development.js:29904
[  467293ms] [WARNING] You are using the in-browser Babel transformer. Be sure to precompile your scripts for production - https://babeljs.io/docs/setup/ @ https://unpkg.com/@babel/standalone@7.29.0/babel.min.js:2
[  468229ms] SyntaxError: /Inline Babel script: Identifier 'App' has already been declared. (490:13)

  488 |     }
  489 |
> 490 |     function App() {
      |              ^
  491 |       const [lang, setLang] = useState(() => localStorage.getItem("kl-lang") || "zh");
  492 |       const [theme, setTheme] = useState(() => localStorage.getItem("kl-theme") || "light");
  493 |       const t = window.PORTFOLIO_CONTENT[lang];
    at e (https://unpkg.com/@babel/standalone@7.29.0/babel.min.js:3:260002)
    at r.raise (https://unpkg.com/@babel/standalone@7.29.0/babel.min.js:3:312098)
    at t.checkRedeclarationInScope (https://unpkg.com/@babel/standalone@7.29.0/babel.min.js:3:270664)
    at t.declareName (https://unpkg.com/@babel/standalone@7.29.0/babel.min.js:3:270028)
    at r.declareName (https://unpkg.com/@babel/standalone@7.29.0/babel.min.js:3:273002)
    at r.registerFunctionStatementId (https://unpkg.com/@babel/standalone@7.29.0/babel.min.js:3:527042)
    at r.parseFunction (https://unpkg.com/@babel/standalone@7.29.0/babel.min.js:3:526655)
    at r.parseFunctionStatement (https://unpkg.com/@babel/standalone@7.29.0/babel.min.js:3:519029)
    at r.parseStatementContent (https://unpkg.com/@babel/standalone@7.29.0/babel.min.js:3:512264)
    at r.parseStatementLike (https://unpkg.com/@babel/standalone@7.29.0/babel.min.js:3:511686)
    at r.parseStatementLike (https://unpkg.com/@babel/standalone@7.29.0/babel.min.js:3:379262)
    at r.parseModuleItem (https://unpkg.com/@babel/standalone@7.29.0/babel.min.js:3:511181)
    at r.parseBlockOrModuleBlockBody (https://unpkg.com/@babel/standalone@7.29.0/babel.min.js:3:523506)
    at r.parseBlockBody (https://unpkg.com/@babel/standalone@7.29.0/babel.min.js:3:523339)
    at r.parseProgram (https://unpkg.com/@babel/standalone@7.29.0/babel.min.js:3:508590)
    at r.parseTopLevel (https://unpkg.com/@babel/standalone@7.29.0/babel.min.js:3:507296)
    at r.parseTopLevel (https://unpkg.com/@babel/standalone@7.29.0/babel.min.js:3:397777)
    at r.parse (https://unpkg.com/@babel/standalone@7.29.0/babel.min.js:3:550298)
    at aR (https://unpkg.com/@babel/standalone@7.29.0/babel.min.js:3:550496)
    at https://unpkg.com/@babel/standalone@7.29.0/babel.min.js:3:1117838
    at Generator.<anonymous> (https://unpkg.com/@babel/standalone@7.29.0/babel.min.js:3:1068)
    at Generator.next (https://unpkg.com/@babel/standalone@7.29.0/babel.min.js:3:1898)
    at Generator.<anonymous> (https://unpkg.com/@babel/standalone@7.29.0/babel.min.js:3:826)
    at Generator.next (https://unpkg.com/@babel/standalone@7.29.0/babel.min.js:3:1898)
    at Generator.<anonymous> (https://unpkg.com/@babel/standalone@7.29.0/babel.min.js:3:826)
    at Generator.next (https://unpkg.com/@babel/standalone@7.29.0/babel.min.js:3:1898)
    at Generator.<anonymous> (https://unpkg.com/@babel/standalone@7.29.0/babel.min.js:3:826)
    at Generator.next (https://unpkg.com/@babel/standalone@7.29.0/babel.min.js:3:1898)
    at iF (https://unpkg.com/@babel/standalone@7.29.0/babel.min.js:3:945723)
    at sync (https://unpkg.com/@babel/standalone@7.29.0/babel.min.js:3:943814)
    at stopHiding - secret - don't use this - v1 (https://unpkg.com/@babel/standalone@7.29.0/babel.min.js:3:1069523)
    at SV (https://unpkg.com/@babel/standalone@7.29.0/babel.min.js:3:1126275)
    at FEe (https://unpkg.com/@babel/standalone@7.29.0/babel.min.js:3:3132179)
    at https://unpkg.com/@babel/standalone@7.29.0/babel.min.js:3:3127986
    at SEe (https://unpkg.com/@babel/standalone@7.29.0/babel.min.js:3:3128384)
    at n (https://unpkg.com/@babel/standalone@7.29.0/babel.min.js:3:3128645)
    at a (https://unpkg.com/@babel/standalone@7.29.0/babel.min.js:3:3129038)
    at d.src.i.onreadystatechange (https://unpkg.com/@babel/standalone@7.29.0/babel.min.js:3:3129295)
[  491275ms] [INFO] %cDownload the React DevTools for a better development experience: https://reactjs.org/link/react-devtools font-weight:bold @ https://unpkg.com/react-dom@18.3.1/umd/react-dom.development.js:29904
[  491346ms] [WARNING] You are using the in-browser Babel transformer. Be sure to precompile your scripts for production - https://babeljs.io/docs/setup/ @ https://unpkg.com/@babel/standalone@7.29.0/babel.min.js:2
[  516434ms] [INFO] %cDownload the React DevTools for a better development experience: https://reactjs.org/link/react-devtools font-weight:bold @ https://unpkg.com/react-dom@18.3.1/umd/react-dom.development.js:29904
[  516500ms] [WARNING] You are using the in-browser Babel transformer. Be sure to precompile your scripts for production - https://babeljs.io/docs/setup/ @ https://unpkg.com/@babel/standalone@7.29.0/babel.min.js:2
[ 1449101ms] [INFO] %cDownload the React DevTools for a better development experience: https://reactjs.org/link/react-devtools font-weight:bold @ https://unpkg.com/react-dom@18.3.1/umd/react-dom.development.js:29904
[ 1449279ms] [WARNING] You are using the in-browser Babel transformer. Be sure to precompile your scripts for production - https://babeljs.io/docs/setup/ @ https://unpkg.com/@babel/standalone@7.29.0/babel.min.js:2
[ 1505151ms] [INFO] %cDownload the React DevTools for a better development experience: https://reactjs.org/link/react-devtools font-weight:bold @ https://unpkg.com/react-dom@18.3.1/umd/react-dom.development.js:29904
[ 1505224ms] [WARNING] You are using the in-browser Babel transformer. Be sure to precompile your scripts for production - https://babeljs.io/docs/setup/ @ https://unpkg.com/@babel/standalone@7.29.0/babel.min.js:2
[ 1628595ms] [INFO] %cDownload the React DevTools for a better development experience: https://reactjs.org/link/react-devtools font-weight:bold @ https://unpkg.com/react-dom@18.3.1/umd/react-dom.development.js:29904
[ 1628660ms] [WARNING] You are using the in-browser Babel transformer. Be sure to precompile your scripts for production - https://babeljs.io/docs/setup/ @ https://unpkg.com/@babel/standalone@7.29.0/babel.min.js:2
[ 1677692ms] [INFO] %cDownload the React DevTools for a better development experience: https://reactjs.org/link/react-devtools font-weight:bold @ https://unpkg.com/react-dom@18.3.1/umd/react-dom.development.js:29904
[ 1677754ms] [WARNING] You are using the in-browser Babel transformer. Be sure to precompile your scripts for production - https://babeljs.io/docs/setup/ @ https://unpkg.com/@babel/standalone@7.29.0/babel.min.js:2
[ 1740347ms] [INFO] %cDownload the React DevTools for a better development experience: https://reactjs.org/link/react-devtools font-weight:bold @ https://unpkg.com/react-dom@18.3.1/umd/react-dom.development.js:29904
[ 1740408ms] [WARNING] You are using the in-browser Babel transformer. Be sure to precompile your scripts for production - https://babeljs.io/docs/setup/ @ https://unpkg.com/@babel/standalone@7.29.0/babel.min.js:2
[ 1843003ms] [INFO] %cDownload the React DevTools for a better development experience: https://reactjs.org/link/react-devtools font-weight:bold @ https://unpkg.com/react-dom@18.3.1/umd/react-dom.development.js:29904
[ 1843062ms] [WARNING] You are using the in-browser Babel transformer. Be sure to precompile your scripts for production - https://babeljs.io/docs/setup/ @ https://unpkg.com/@babel/standalone@7.29.0/babel.min.js:2
[ 1853531ms] [INFO] %cDownload the React DevTools for a better development experience: https://reactjs.org/link/react-devtools font-weight:bold @ https://unpkg.com/react-dom@18.3.1/umd/react-dom.development.js:29904
[ 1853599ms] [WARNING] You are using the in-browser Babel transformer. Be sure to precompile your scripts for production - https://babeljs.io/docs/setup/ @ https://unpkg.com/@babel/standalone@7.29.0/babel.min.js:2
[ 1860161ms] [INFO] %cDownload the React DevTools for a better development experience: https://reactjs.org/link/react-devtools font-weight:bold @ https://unpkg.com/react-dom@18.3.1/umd/react-dom.development.js:29904
[ 1860217ms] [WARNING] You are using the in-browser Babel transformer. Be sure to precompile your scripts for production - https://babeljs.io/docs/setup/ @ https://unpkg.com/@babel/standalone@7.29.0/babel.min.js:2
[ 1867674ms] [INFO] %cDownload the React DevTools for a better development experience: https://reactjs.org/link/react-devtools font-weight:bold @ https://unpkg.com/react-dom@18.3.1/umd/react-dom.development.js:29904
[ 1867727ms] [WARNING] You are using the in-browser Babel transformer. Be sure to precompile your scripts for production - https://babeljs.io/docs/setup/ @ https://unpkg.com/@babel/standalone@7.29.0/babel.min.js:2
[ 1875873ms] [INFO] %cDownload the React DevTools for a better development experience: https://reactjs.org/link/react-devtools font-weight:bold @ https://unpkg.com/react-dom@18.3.1/umd/react-dom.development.js:29904
[ 1875940ms] [WARNING] You are using the in-browser Babel transformer. Be sure to precompile your scripts for production - https://babeljs.io/docs/setup/ @ https://unpkg.com/@babel/standalone@7.29.0/babel.min.js:2
[ 1882369ms] [INFO] %cDownload the React DevTools for a better development experience: https://reactjs.org/link/react-devtools font-weight:bold @ https://unpkg.com/react-dom@18.3.1/umd/react-dom.development.js:29904
[ 1882443ms] [WARNING] You are using the in-browser Babel transformer. Be sure to precompile your scripts for production - https://babeljs.io/docs/setup/ @ https://unpkg.com/@babel/standalone@7.29.0/babel.min.js:2
[ 1891544ms] [INFO] %cDownload the React DevTools for a better development experience: https://reactjs.org/link/react-devtools font-weight:bold @ https://unpkg.com/react-dom@18.3.1/umd/react-dom.development.js:29904
[ 1891606ms] [WARNING] You are using the in-browser Babel transformer. Be sure to precompile your scripts for production - https://babeljs.io/docs/setup/ @ https://unpkg.com/@babel/standalone@7.29.0/babel.min.js:2
[ 1898646ms] [INFO] %cDownload the React DevTools for a better development experience: https://reactjs.org/link/react-devtools font-weight:bold @ https://unpkg.com/react-dom@18.3.1/umd/react-dom.development.js:29904
[ 1898696ms] [WARNING] You are using the in-browser Babel transformer. Be sure to precompile your scripts for production - https://babeljs.io/docs/setup/ @ https://unpkg.com/@babel/standalone@7.29.0/babel.min.js:2
[ 2117140ms] [INFO] %cDownload the React DevTools for a better development experience: https://reactjs.org/link/react-devtools font-weight:bold @ https://unpkg.com/react-dom@18.3.1/umd/react-dom.development.js:29904
[ 2117260ms] [WARNING] You are using the in-browser Babel transformer. Be sure to precompile your scripts for production - https://babeljs.io/docs/setup/ @ https://unpkg.com/@babel/standalone@7.29.0/babel.min.js:2
[ 2187348ms] [INFO] %cDownload the React DevTools for a better development experience: https://reactjs.org/link/react-devtools font-weight:bold @ https://unpkg.com/react-dom@18.3.1/umd/react-dom.development.js:29904
[ 2187409ms] [WARNING] You are using the in-browser Babel transformer. Be sure to precompile your scripts for production - https://babeljs.io/docs/setup/ @ https://unpkg.com/@babel/standalone@7.29.0/babel.min.js:2
[ 2195528ms] [INFO] %cDownload the React DevTools for a better development experience: https://reactjs.org/link/react-devtools font-weight:bold @ https://unpkg.com/react-dom@18.3.1/umd/react-dom.development.js:29904
[ 2195575ms] [WARNING] You are using the in-browser Babel transformer. Be sure to precompile your scripts for production - https://babeljs.io/docs/setup/ @ https://unpkg.com/@babel/standalone@7.29.0/babel.min.js:2
[ 2207368ms] [INFO] %cDownload the React DevTools for a better development experience: https://reactjs.org/link/react-devtools font-weight:bold @ https://unpkg.com/react-dom@18.3.1/umd/react-dom.development.js:29904
[ 2207425ms] [WARNING] You are using the in-browser Babel transformer. Be sure to precompile your scripts for production - https://babeljs.io/docs/setup/ @ https://unpkg.com/@babel/standalone@7.29.0/babel.min.js:2
[ 2898024ms] [INFO] %cDownload the React DevTools for a better development experience: https://reactjs.org/link/react-devtools font-weight:bold @ https://unpkg.com/react-dom@18.3.1/umd/react-dom.development.js:29904
[ 2898167ms] [WARNING] You are using the in-browser Babel transformer. Be sure to precompile your scripts for production - https://babeljs.io/docs/setup/ @ https://unpkg.com/@babel/standalone@7.29.0/babel.min.js:2
[ 2915945ms] [INFO] %cDownload the React DevTools for a better development experience: https://reactjs.org/link/react-devtools font-weight:bold @ https://unpkg.com/react-dom@18.3.1/umd/react-dom.development.js:29904
[ 2916016ms] [WARNING] You are using the in-browser Babel transformer. Be sure to precompile your scripts for production - https://babeljs.io/docs/setup/ @ https://unpkg.com/@babel/standalone@7.29.0/babel.min.js:2
[ 2916979ms] [INFO] %cDownload the React DevTools for a better development experience: https://reactjs.org/link/react-devtools font-weight:bold @ https://unpkg.com/react-dom@18.3.1/umd/react-dom.development.js:29904
[ 2917037ms] [WARNING] You are using the in-browser Babel transformer. Be sure to precompile your scripts for production - https://babeljs.io/docs/setup/ @ https://unpkg.com/@babel/standalone@7.29.0/babel.min.js:2
